<?xml version="1.0" encoding="UTF-8"?>
<coverage generated="1764717053732" clover="3.2.0">
  <project timestamp="1764717053732" name="All files">
    <metrics statements="131" coveredstatements="127" conditionals="116" coveredconditionals="89" methods="32" coveredmethods="32" elements="279" coveredelements="248" complexity="0" loc="131" ncloc="131" packages="1" files="3" classes="3"/>
    <file name="index.ts" path="E:\MY_PROJECTS\mzsa_gem\frontend\src\features\stock\index.ts">
      <metrics statements="0" coveredstatements="0" conditionals="0" coveredconditionals="0" methods="0" coveredmethods="0"/>
    </file>
    <file name="stockConstants.ts" path="E:\MY_PROJECTS\mzsa_gem\frontend\src\features\stock\stockConstants.ts">
      <metrics statements="7" coveredstatements="7" conditionals="0" coveredconditionals="0" methods="0" coveredmethods="0"/>
      <line num="9" count="2" type="stmt"/>
      <line num="19" count="2" type="stmt"/>
      <line num="87" count="2" type="stmt"/>
      <line num="98" count="2" type="stmt"/>
      <line num="107" count="2" type="stmt"/>
      <line num="118" count="2" type="stmt"/>
      <line num="129" count="2" type="stmt"/>
    </file>
    <file name="stockUtils.ts" path="E:\MY_PROJECTS\mzsa_gem\frontend\src\features\stock\stockUtils.ts">
      <metrics statements="124" coveredstatements="120" conditionals="116" coveredconditionals="89" methods="32" coveredmethods="32"/>
      <line num="42" count="18" type="cond" truecount="4" falsecount="0"/>
      <line num="43" count="3" type="stmt"/>
      <line num="55" count="15" type="stmt"/>
      <line num="58" count="15" type="stmt"/>
      <line num="59" count="17" type="stmt"/>
      <line num="61" count="15" type="cond" truecount="2" falsecount="0"/>
      <line num="64" count="18" type="stmt"/>
      <line num="65" count="26" type="cond" truecount="2" falsecount="0"/>
      <line num="67" count="18" type="stmt"/>
      <line num="68" count="14" type="stmt"/>
      <line num="72" count="18" type="cond" truecount="2" falsecount="0"/>
      <line num="73" count="1" type="stmt"/>
      <line num="74" count="1" type="cond" truecount="1" falsecount="1"/>
      <line num="75" count="1" type="stmt"/>
      <line num="90" count="14" type="cond" truecount="2" falsecount="0"/>
      <line num="91" count="1" type="stmt"/>
      <line num="92" count="1" type="stmt"/>
      <line num="108" count="13" type="cond" truecount="2" falsecount="0"/>
      <line num="109" count="9" type="stmt"/>
      <line num="123" count="4" type="cond" truecount="2" falsecount="0"/>
      <line num="124" count="3" type="stmt"/>
      <line num="125" count="3" type="cond" truecount="1" falsecount="1"/>
      <line num="127" count="3" type="stmt"/>
      <line num="143" count="1" type="stmt"/>
      <line num="161" count="7" type="cond" truecount="2" falsecount="0"/>
      <line num="162" count="6" type="cond" truecount="2" falsecount="0"/>
      <line num="164" count="4" type="stmt"/>
      <line num="165" count="4" type="stmt"/>
      <line num="167" count="4" type="cond" truecount="2" falsecount="0"/>
      <line num="169" count="1" type="stmt"/>
      <line num="170" count="1" type="stmt"/>
      <line num="177" count="3" type="stmt"/>
      <line num="178" count="6" type="stmt"/>
      <line num="182" count="3" type="stmt"/>
      <line num="184" count="3" type="cond" truecount="1" falsecount="1"/>
      <line num="191" count="7" type="stmt"/>
      <line num="192" count="7" type="stmt"/>
      <line num="194" count="7" type="cond" truecount="2" falsecount="0"/>
      <line num="195" count="1" type="stmt"/>
      <line num="198" count="6" type="stmt"/>
      <line num="199" count="6" type="cond" truecount="2" falsecount="0"/>
      <line num="200" count="5" type="stmt"/>
      <line num="204" count="1" type="stmt"/>
      <line num="205" count="1" type="cond" truecount="1" falsecount="1"/>
      <line num="206" count="0" type="stmt"/>
      <line num="210" count="1" type="cond" truecount="2" falsecount="0"/>
      <line num="211" count="7" type="stmt"/>
      <line num="213" count="7" type="cond" truecount="2" falsecount="2"/>
      <line num="214" count="0" type="cond" truecount="0" falsecount="2"/>
      <line num="219" count="1" type="stmt"/>
      <line num="233" count="13" type="cond" truecount="2" falsecount="0"/>
      <line num="234" count="2" type="stmt"/>
      <line num="237" count="11" type="cond" truecount="2" falsecount="0"/>
      <line num="238" count="3" type="stmt"/>
      <line num="244" count="8" type="stmt"/>
      <line num="257" count="14" type="stmt"/>
      <line num="258" count="26" type="stmt"/>
      <line num="261" count="14" type="cond" truecount="2" falsecount="0"/>
      <line num="262" count="12" type="cond" truecount="2" falsecount="0"/>
      <line num="265" count="8" type="cond" truecount="2" falsecount="0"/>
      <line num="266" count="7" type="stmt"/>
      <line num="267" count="7" type="stmt"/>
      <line num="268" count="10" type="stmt"/>
      <line num="270" count="7" type="cond" truecount="1" falsecount="1"/>
      <line num="274" count="1" type="stmt"/>
      <line num="275" count="1" type="stmt"/>
      <line num="289" count="6" type="stmt"/>
      <line num="290" count="6" type="stmt"/>
      <line num="292" count="6" type="stmt"/>
      <line num="293" count="12" type="stmt"/>
      <line num="295" count="12" type="cond" truecount="2" falsecount="0"/>
      <line num="296" count="1" type="stmt"/>
      <line num="297" count="1" type="stmt"/>
      <line num="300" count="11" type="stmt"/>
      <line num="302" count="11" type="cond" truecount="2" falsecount="0"/>
      <line num="303" count="1" type="stmt"/>
      <line num="307" count="1" type="stmt"/>
      <line num="310" count="10" type="stmt"/>
      <line num="316" count="6" type="stmt"/>
      <line num="330" count="20" type="stmt"/>
      <line num="344" count="7" type="stmt"/>
      <line num="358" count="11" type="stmt"/>
      <line num="376" count="13" type="stmt"/>
      <line num="378" count="13" type="cond" truecount="2" falsecount="0"/>
      <line num="379" count="1" type="stmt"/>
      <line num="382" count="13" type="cond" truecount="2" falsecount="0"/>
      <line num="383" count="1" type="stmt"/>
      <line num="386" count="13" type="cond" truecount="2" falsecount="0"/>
      <line num="387" count="1" type="stmt"/>
      <line num="390" count="13" type="cond" truecount="2" falsecount="0"/>
      <line num="391" count="2" type="stmt"/>
      <line num="397" count="13" type="stmt"/>
      <line num="407" count="2" type="stmt"/>
      <line num="409" count="4" type="stmt"/>
      <line num="410" count="2" type="cond" truecount="2" falsecount="0"/>
      <line num="411" count="1" type="stmt"/>
      <line num="417" count="4" type="stmt"/>
      <line num="418" count="2" type="cond" truecount="1" falsecount="1"/>
      <line num="419" count="0" type="stmt"/>
      <line num="425" count="4" type="stmt"/>
      <line num="426" count="2" type="cond" truecount="1" falsecount="1"/>
      <line num="427" count="0" type="stmt"/>
      <line num="433" count="2" type="stmt"/>
      <line num="444" count="102" type="stmt"/>
      <line num="450" count="102" type="cond" truecount="2" falsecount="0"/>
      <line num="451" count="2" type="stmt"/>
      <line num="454" count="100" type="stmt"/>
      <line num="458" count="102" type="stmt"/>
      <line num="461" count="106" type="stmt"/>
      <line num="472" count="41" type="cond" truecount="2" falsecount="0"/>
      <line num="474" count="38" type="stmt"/>
      <line num="475" count="38" type="stmt"/>
      <line num="477" count="38" type="stmt"/>
      <line num="478" count="131" type="stmt"/>
      <line num="479" count="73" type="stmt"/>
      <line num="491" count="38" type="stmt"/>
      <line num="494" count="73" type="stmt"/>
      <line num="495" count="73" type="stmt"/>
      <line num="496" count="73" type="stmt"/>
      <line num="508" count="4" type="cond" truecount="4" falsecount="0"/>
      <line num="509" count="2" type="stmt"/>
      <line num="512" count="2" type="cond" truecount="2" falsecount="0"/>
      <line num="513" count="1" type="stmt"/>
      <line num="516" count="1" type="stmt"/>
    </file>
  </project>
</coverage>
