{"E:\\MY_PROJECTS\\mzsa_gem\\frontend\\src\\features\\stock\\index.ts": {"path":"E:\\MY_PROJECTS\\mzsa_gem\\frontend\\src\\features\\stock\\index.ts","statementMap":{},"fnMap":{},"branchMap":{},"s":{},"f":{},"b":{},"meta":{"lastBranch":0,"lastFunction":0,"lastStatement":0,"seen":{}}}
,"E:\\MY_PROJECTS\\mzsa_gem\\frontend\\src\\features\\stock\\stockConstants.ts": {"path":"E:\\MY_PROJECTS\\mzsa_gem\\frontend\\src\\features\\stock\\stockConstants.ts","statementMap":{"0":{"start":{"line":9,"column":53},"end":{"line":14,"column":null}},"1":{"start":{"line":19,"column":56},"end":{"line":82,"column":null}},"2":{"start":{"line":87,"column":42},"end":{"line":93,"column":null}},"3":{"start":{"line":98,"column":35},"end":{"line":102,"column":null}},"4":{"start":{"line":107,"column":34},"end":{"line":113,"column":null}},"5":{"start":{"line":118,"column":37},"end":{"line":123,"column":null}},"6":{"start":{"line":129,"column":39},"end":{"line":133,"column":null}}},"fnMap":{},"branchMap":{},"s":{"0":2,"1":2,"2":2,"3":2,"4":2,"5":2,"6":2},"f":{},"b":{},"meta":{"lastBranch":0,"lastFunction":0,"lastStatement":7,"seen":{"s:9:53:14:Infinity":0,"s:19:56:82:Infinity":1,"s:87:42:93:Infinity":2,"s:98:35:102:Infinity":3,"s:107:34:113:Infinity":4,"s:118:37:123:Infinity":5,"s:129:39:133:Infinity":6}}}
,"E:\\MY_PROJECTS\\mzsa_gem\\frontend\\src\\features\\stock\\stockUtils.ts": {"path":"E:\\MY_PROJECTS\\mzsa_gem\\frontend\\src\\features\\stock\\stockUtils.ts","statementMap":{"0":{"start":{"line":42,"column":2},"end":{"line":52,"column":null}},"1":{"start":{"line":43,"column":4},"end":{"line":51,"column":null}},"2":{"start":{"line":55,"column":25},"end":{"line":55,"column":null}},"3":{"start":{"line":58,"column":25},"end":{"line":60,"column":null}},"4":{"start":{"line":59,"column":9},"end":{"line":59,"column":null}},"5":{"start":{"line":61,"column":24},"end":{"line":61,"column":null}},"6":{"start":{"line":64,"column":26},"end":{"line":66,"column":null}},"7":{"start":{"line":65,"column":9},"end":{"line":65,"column":null}},"8":{"start":{"line":67,"column":30},"end":{"line":69,"column":null}},"9":{"start":{"line":68,"column":16},"end":{"line":68,"column":43}},"10":{"start":{"line":72,"column":2},"end":{"line":87,"column":null}},"11":{"start":{"line":73,"column":27},"end":{"line":73,"column":null}},"12":{"start":{"line":74,"column":4},"end":{"line":86,"column":null}},"13":{"start":{"line":75,"column":6},"end":{"line":85,"column":null}},"14":{"start":{"line":90,"column":2},"end":{"line":103,"column":null}},"15":{"start":{"line":91,"column":24},"end":{"line":91,"column":null}},"16":{"start":{"line":92,"column":4},"end":{"line":102,"column":null}},"17":{"start":{"line":108,"column":2},"end":{"line":120,"column":null}},"18":{"start":{"line":109,"column":4},"end":{"line":119,"column":null}},"19":{"start":{"line":123,"column":2},"end":{"line":140,"column":null}},"20":{"start":{"line":124,"column":20},"end":{"line":124,"column":null}},"21":{"start":{"line":125,"column":25},"end":{"line":125,"column":null}},"22":{"start":{"line":127,"column":4},"end":{"line":139,"column":null}},"23":{"start":{"line":143,"column":2},"end":{"line":151,"column":null}},"24":{"start":{"line":161,"column":2},"end":{"line":161,"column":null}},"25":{"start":{"line":161,"column":31},"end":{"line":161,"column":null}},"26":{"start":{"line":162,"column":2},"end":{"line":162,"column":null}},"27":{"start":{"line":162,"column":31},"end":{"line":162,"column":null}},"28":{"start":{"line":164,"column":25},"end":{"line":164,"column":null}},"29":{"start":{"line":165,"column":21},"end":{"line":165,"column":null}},"30":{"start":{"line":167,"column":2},"end":{"line":174,"column":null}},"31":{"start":{"line":169,"column":4},"end":{"line":173,"column":null}},"32":{"start":{"line":170,"column":10},"end":{"line":172,"column":null}},"33":{"start":{"line":177,"column":17},"end":{"line":182,"column":null}},"34":{"start":{"line":178,"column":15},"end":{"line":181,"column":6}},"35":{"start":{"line":182,"column":20},"end":{"line":182,"column":43}},"36":{"start":{"line":184,"column":2},"end":{"line":184,"column":null}},"37":{"start":{"line":191,"column":25},"end":{"line":191,"column":null}},"38":{"start":{"line":192,"column":23},"end":{"line":192,"column":null}},"39":{"start":{"line":194,"column":2},"end":{"line":196,"column":null}},"40":{"start":{"line":195,"column":4},"end":{"line":195,"column":null}},"41":{"start":{"line":198,"column":21},"end":{"line":198,"column":null}},"42":{"start":{"line":199,"column":2},"end":{"line":201,"column":null}},"43":{"start":{"line":200,"column":4},"end":{"line":200,"column":null}},"44":{"start":{"line":204,"column":21},"end":{"line":204,"column":null}},"45":{"start":{"line":205,"column":2},"end":{"line":207,"column":null}},"46":{"start":{"line":206,"column":4},"end":{"line":206,"column":null}},"47":{"start":{"line":210,"column":21},"end":{"line":210,"column":null}},"48":{"start":{"line":211,"column":19},"end":{"line":211,"column":null}},"49":{"start":{"line":213,"column":2},"end":{"line":217,"column":null}},"50":{"start":{"line":214,"column":4},"end":{"line":216,"column":null}},"51":{"start":{"line":219,"column":2},"end":{"line":219,"column":null}},"52":{"start":{"line":233,"column":2},"end":{"line":235,"column":null}},"53":{"start":{"line":234,"column":4},"end":{"line":234,"column":null}},"54":{"start":{"line":237,"column":2},"end":{"line":242,"column":null}},"55":{"start":{"line":238,"column":4},"end":{"line":241,"column":null}},"56":{"start":{"line":244,"column":2},"end":{"line":244,"column":null}},"57":{"start":{"line":257,"column":30},"end":{"line":259,"column":null}},"58":{"start":{"line":258,"column":9},"end":{"line":258,"column":null}},"59":{"start":{"line":261,"column":2},"end":{"line":261,"column":null}},"60":{"start":{"line":261,"column":40},"end":{"line":261,"column":null}},"61":{"start":{"line":262,"column":2},"end":{"line":262,"column":null}},"62":{"start":{"line":262,"column":40},"end":{"line":262,"column":null}},"63":{"start":{"line":265,"column":2},"end":{"line":271,"column":null}},"64":{"start":{"line":266,"column":27},"end":{"line":266,"column":null}},"65":{"start":{"line":267,"column":27},"end":{"line":269,"column":null}},"66":{"start":{"line":268,"column":11},"end":{"line":268,"column":null}},"67":{"start":{"line":270,"column":4},"end":{"line":270,"column":null}},"68":{"start":{"line":270,"column":24},"end":{"line":270,"column":null}},"69":{"start":{"line":274,"column":2},"end":{"line":278,"column":null}},"70":{"start":{"line":275,"column":8},"end":{"line":277,"column":null}},"71":{"start":{"line":289,"column":43},"end":{"line":289,"column":null}},"72":{"start":{"line":290,"column":27},"end":{"line":290,"column":null}},"73":{"start":{"line":292,"column":2},"end":{"line":314,"column":null}},"74":{"start":{"line":293,"column":18},"end":{"line":293,"column":null}},"75":{"start":{"line":295,"column":4},"end":{"line":298,"column":null}},"76":{"start":{"line":296,"column":6},"end":{"line":296,"column":null}},"77":{"start":{"line":297,"column":6},"end":{"line":297,"column":null}},"78":{"start":{"line":300,"column":22},"end":{"line":300,"column":null}},"79":{"start":{"line":302,"column":4},"end":{"line":308,"column":null}},"80":{"start":{"line":303,"column":6},"end":{"line":306,"column":null}},"81":{"start":{"line":307,"column":6},"end":{"line":307,"column":null}},"82":{"start":{"line":310,"column":4},"end":{"line":313,"column":null}},"83":{"start":{"line":316,"column":2},"end":{"line":316,"column":null}},"84":{"start":{"line":330,"column":2},"end":{"line":334,"column":null}},"85":{"start":{"line":344,"column":2},"end":{"line":348,"column":null}},"86":{"start":{"line":358,"column":2},"end":{"line":362,"column":null}},"87":{"start":{"line":376,"column":27},"end":{"line":376,"column":null}},"88":{"start":{"line":378,"column":2},"end":{"line":380,"column":null}},"89":{"start":{"line":379,"column":4},"end":{"line":379,"column":null}},"90":{"start":{"line":382,"column":2},"end":{"line":384,"column":null}},"91":{"start":{"line":383,"column":4},"end":{"line":383,"column":null}},"92":{"start":{"line":386,"column":2},"end":{"line":388,"column":null}},"93":{"start":{"line":387,"column":4},"end":{"line":387,"column":null}},"94":{"start":{"line":390,"column":2},"end":{"line":395,"column":null}},"95":{"start":{"line":391,"column":4},"end":{"line":394,"column":null}},"96":{"start":{"line":397,"column":2},"end":{"line":397,"column":null}},"97":{"start":{"line":407,"column":27},"end":{"line":407,"column":null}},"98":{"start":{"line":409,"column":26},"end":{"line":409,"column":null}},"99":{"start":{"line":409,"column":63},"end":{"line":409,"column":81}},"100":{"start":{"line":410,"column":2},"end":{"line":415,"column":null}},"101":{"start":{"line":411,"column":4},"end":{"line":414,"column":null}},"102":{"start":{"line":417,"column":30},"end":{"line":417,"column":null}},"103":{"start":{"line":417,"column":67},"end":{"line":417,"column":94}},"104":{"start":{"line":418,"column":2},"end":{"line":423,"column":null}},"105":{"start":{"line":419,"column":4},"end":{"line":422,"column":null}},"106":{"start":{"line":425,"column":29},"end":{"line":425,"column":null}},"107":{"start":{"line":425,"column":66},"end":{"line":425,"column":92}},"108":{"start":{"line":426,"column":2},"end":{"line":431,"column":null}},"109":{"start":{"line":427,"column":4},"end":{"line":430,"column":null}},"110":{"start":{"line":433,"column":2},"end":{"line":433,"column":null}},"111":{"start":{"line":444,"column":19},"end":{"line":446,"column":null}},"112":{"start":{"line":450,"column":2},"end":{"line":455,"column":null}},"113":{"start":{"line":451,"column":4},"end":{"line":451,"column":null}},"114":{"start":{"line":454,"column":4},"end":{"line":454,"column":null}},"115":{"start":{"line":458,"column":2},"end":{"line":462,"column":null}},"116":{"start":{"line":461,"column":17},"end":{"line":461,"column":61}},"117":{"start":{"line":472,"column":2},"end":{"line":472,"column":null}},"118":{"start":{"line":472,"column":31},"end":{"line":472,"column":null}},"119":{"start":{"line":474,"column":17},"end":{"line":474,"column":null}},"120":{"start":{"line":475,"column":19},"end":{"line":475,"column":null}},"121":{"start":{"line":477,"column":40},"end":{"line":489,"column":null}},"122":{"start":{"line":478,"column":22},"end":{"line":478,"column":null}},"123":{"start":{"line":478,"column":43},"end":{"line":478,"column":65}},"124":{"start":{"line":479,"column":4},"end":{"line":488,"column":null}},"125":{"start":{"line":491,"column":2},"end":{"line":498,"column":null}},"126":{"start":{"line":494,"column":50},"end":{"line":494,"column":68}},"127":{"start":{"line":495,"column":51},"end":{"line":495,"column":78}},"128":{"start":{"line":496,"column":50},"end":{"line":496,"column":76}},"129":{"start":{"line":508,"column":2},"end":{"line":510,"column":null}},"130":{"start":{"line":509,"column":4},"end":{"line":509,"column":null}},"131":{"start":{"line":512,"column":2},"end":{"line":514,"column":null}},"132":{"start":{"line":513,"column":4},"end":{"line":513,"column":null}},"133":{"start":{"line":516,"column":2},"end":{"line":516,"column":null}}},"fnMap":{"0":{"name":"calculateAvailability","decl":{"start":{"line":36,"column":16},"end":{"line":36,"column":null}},"loc":{"start":{"line":40,"column":22},"end":{"line":152,"column":null}},"line":40},"1":{"name":"(anonymous_1)","decl":{"start":{"line":59,"column":4},"end":{"line":59,"column":9}},"loc":{"start":{"line":59,"column":9},"end":{"line":59,"column":null}},"line":59},"2":{"name":"(anonymous_2)","decl":{"start":{"line":65,"column":4},"end":{"line":65,"column":9}},"loc":{"start":{"line":65,"column":9},"end":{"line":65,"column":null}},"line":65},"3":{"name":"(anonymous_3)","decl":{"start":{"line":68,"column":4},"end":{"line":68,"column":5}},"loc":{"start":{"line":68,"column":16},"end":{"line":68,"column":43}},"line":68},"4":{"name":"findNearestWarehouse","decl":{"start":{"line":157,"column":16},"end":{"line":157,"column":null}},"loc":{"start":{"line":160,"column":25},"end":{"line":185,"column":null}},"line":160},"5":{"name":"(anonymous_5)","decl":{"start":{"line":170,"column":6},"end":{"line":170,"column":7}},"loc":{"start":{"line":170,"column":10},"end":{"line":172,"column":null}},"line":170},"6":{"name":"(anonymous_6)","decl":{"start":{"line":178,"column":9},"end":{"line":178,"column":15}},"loc":{"start":{"line":178,"column":15},"end":{"line":181,"column":6}},"line":178},"7":{"name":"(anonymous_7)","decl":{"start":{"line":182,"column":10},"end":{"line":182,"column":11}},"loc":{"start":{"line":182,"column":20},"end":{"line":182,"column":43}},"line":182},"8":{"name":"getDeliveryDays","decl":{"start":{"line":190,"column":16},"end":{"line":190,"column":32}},"loc":{"start":{"line":190,"column":74},"end":{"line":220,"column":null}},"line":190},"9":{"name":"canReserve","decl":{"start":{"line":229,"column":16},"end":{"line":229,"column":null}},"loc":{"start":{"line":232,"column":43},"end":{"line":245,"column":null}},"line":232},"10":{"name":"selectWarehouseForReservation","decl":{"start":{"line":251,"column":16},"end":{"line":251,"column":null}},"loc":{"start":{"line":255,"column":25},"end":{"line":279,"column":null}},"line":255},"11":{"name":"(anonymous_11)","decl":{"start":{"line":258,"column":4},"end":{"line":258,"column":9}},"loc":{"start":{"line":258,"column":9},"end":{"line":258,"column":null}},"line":258},"12":{"name":"(anonymous_12)","decl":{"start":{"line":268,"column":6},"end":{"line":268,"column":11}},"loc":{"start":{"line":268,"column":11},"end":{"line":268,"column":null}},"line":268},"13":{"name":"(anonymous_13)","decl":{"start":{"line":275,"column":4},"end":{"line":275,"column":5}},"loc":{"start":{"line":275,"column":8},"end":{"line":277,"column":null}},"line":275},"14":{"name":"prepareReservation","decl":{"start":{"line":284,"column":16},"end":{"line":284,"column":null}},"loc":{"start":{"line":288,"column":50},"end":{"line":317,"column":null}},"line":288},"15":{"name":"calculateStockAfterReservation","decl":{"start":{"line":326,"column":16},"end":{"line":326,"column":null}},"loc":{"start":{"line":329,"column":13},"end":{"line":335,"column":null}},"line":329},"16":{"name":"calculateStockAfterRelease","decl":{"start":{"line":340,"column":16},"end":{"line":340,"column":null}},"loc":{"start":{"line":343,"column":13},"end":{"line":349,"column":null}},"line":343},"17":{"name":"calculateStockAfterCommit","decl":{"start":{"line":354,"column":16},"end":{"line":354,"column":null}},"loc":{"start":{"line":357,"column":13},"end":{"line":363,"column":null}},"line":357},"18":{"name":"validateStockState","decl":{"start":{"line":372,"column":16},"end":{"line":372,"column":35}},"loc":{"start":{"line":375,"column":2},"end":{"line":398,"column":null}},"line":375},"19":{"name":"validateMultiWarehouseStock","decl":{"start":{"line":403,"column":16},"end":{"line":403,"column":44}},"loc":{"start":{"line":406,"column":2},"end":{"line":434,"column":null}},"line":406},"20":{"name":"(anonymous_20)","decl":{"start":{"line":409,"column":51},"end":{"line":409,"column":52}},"loc":{"start":{"line":409,"column":63},"end":{"line":409,"column":81}},"line":409},"21":{"name":"(anonymous_21)","decl":{"start":{"line":417,"column":55},"end":{"line":417,"column":56}},"loc":{"start":{"line":417,"column":67},"end":{"line":417,"column":94}},"line":417},"22":{"name":"(anonymous_22)","decl":{"start":{"line":425,"column":54},"end":{"line":425,"column":55}},"loc":{"start":{"line":425,"column":66},"end":{"line":425,"column":92}},"line":425},"23":{"name":"normalizeCity","decl":{"start":{"line":443,"column":16},"end":{"line":443,"column":30}},"loc":{"start":{"line":443,"column":52},"end":{"line":463,"column":null}},"line":443},"24":{"name":"(anonymous_24)","decl":{"start":{"line":461,"column":9},"end":{"line":461,"column":17}},"loc":{"start":{"line":461,"column":17},"end":{"line":461,"column":61}},"line":461},"25":{"name":"aggregateStock","decl":{"start":{"line":468,"column":16},"end":{"line":468,"column":null}},"loc":{"start":{"line":471,"column":30},"end":{"line":499,"column":null}},"line":471},"26":{"name":"(anonymous_26)","decl":{"start":{"line":477,"column":55},"end":{"line":477,"column":60}},"loc":{"start":{"line":477,"column":60},"end":{"line":489,"column":3}},"line":477},"27":{"name":"(anonymous_27)","decl":{"start":{"line":478,"column":38},"end":{"line":478,"column":43}},"loc":{"start":{"line":478,"column":43},"end":{"line":478,"column":65}},"line":478},"28":{"name":"(anonymous_28)","decl":{"start":{"line":494,"column":38},"end":{"line":494,"column":39}},"loc":{"start":{"line":494,"column":50},"end":{"line":494,"column":68}},"line":494},"29":{"name":"(anonymous_29)","decl":{"start":{"line":495,"column":39},"end":{"line":495,"column":40}},"loc":{"start":{"line":495,"column":51},"end":{"line":495,"column":78}},"line":495},"30":{"name":"(anonymous_30)","decl":{"start":{"line":496,"column":38},"end":{"line":496,"column":39}},"loc":{"start":{"line":496,"column":50},"end":{"line":496,"column":76}},"line":496},"31":{"name":"formatStockDisplay","decl":{"start":{"line":504,"column":16},"end":{"line":504,"column":null}},"loc":{"start":{"line":507,"column":10},"end":{"line":517,"column":null}},"line":507}},"branchMap":{"0":{"loc":{"start":{"line":39,"column":2},"end":{"line":39,"column":null}},"type":"default-arg","locations":[{"start":{"line":39,"column":28},"end":{"line":39,"column":null}}],"line":39},"1":{"loc":{"start":{"line":42,"column":2},"end":{"line":52,"column":null}},"type":"if","locations":[{"start":{"line":42,"column":2},"end":{"line":52,"column":null}},{"start":{},"end":{}}],"line":42},"2":{"loc":{"start":{"line":42,"column":6},"end":{"line":42,"column":43}},"type":"binary-expr","locations":[{"start":{"line":42,"column":6},"end":{"line":42,"column":16}},{"start":{"line":42,"column":16},"end":{"line":42,"column":43}}],"line":42},"3":{"loc":{"start":{"line":61,"column":24},"end":{"line":61,"column":null}},"type":"binary-expr","locations":[{"start":{"line":61,"column":24},"end":{"line":61,"column":61}},{"start":{"line":61,"column":61},"end":{"line":61,"column":null}}],"line":61},"4":{"loc":{"start":{"line":65,"column":9},"end":{"line":65,"column":null}},"type":"binary-expr","locations":[{"start":{"line":65,"column":9},"end":{"line":65,"column":53}},{"start":{"line":65,"column":53},"end":{"line":65,"column":null}}],"line":65},"5":{"loc":{"start":{"line":72,"column":2},"end":{"line":87,"column":null}},"type":"if","locations":[{"start":{"line":72,"column":2},"end":{"line":87,"column":null}},{"start":{},"end":{}}],"line":72},"6":{"loc":{"start":{"line":74,"column":4},"end":{"line":86,"column":null}},"type":"if","locations":[{"start":{"line":74,"column":4},"end":{"line":86,"column":null}},{"start":{},"end":{}}],"line":74},"7":{"loc":{"start":{"line":81,"column":15},"end":{"line":83,"column":null}},"type":"cond-expr","locations":[{"start":{"line":82,"column":12},"end":{"line":82,"column":null}},{"start":{"line":83,"column":12},"end":{"line":83,"column":null}}],"line":81},"8":{"loc":{"start":{"line":90,"column":2},"end":{"line":103,"column":null}},"type":"if","locations":[{"start":{"line":90,"column":2},"end":{"line":103,"column":null}},{"start":{},"end":{}}],"line":90},"9":{"loc":{"start":{"line":97,"column":20},"end":{"line":97,"column":null}},"type":"cond-expr","locations":[{"start":{"line":97,"column":34},"end":{"line":97,"column":41}},{"start":{"line":97,"column":41},"end":{"line":97,"column":null}}],"line":97},"10":{"loc":{"start":{"line":98,"column":13},"end":{"line":98,"column":null}},"type":"cond-expr","locations":[{"start":{"line":98,"column":27},"end":{"line":98,"column":57}},{"start":{"line":98,"column":57},"end":{"line":98,"column":null}}],"line":98},"11":{"loc":{"start":{"line":99,"column":18},"end":{"line":101,"column":null}},"type":"cond-expr","locations":[{"start":{"line":100,"column":10},"end":{"line":100,"column":null}},{"start":{"line":101,"column":10},"end":{"line":101,"column":null}}],"line":99},"12":{"loc":{"start":{"line":108,"column":2},"end":{"line":120,"column":null}},"type":"if","locations":[{"start":{"line":108,"column":2},"end":{"line":120,"column":null}},{"start":{},"end":{}}],"line":108},"13":{"loc":{"start":{"line":115,"column":13},"end":{"line":117,"column":null}},"type":"cond-expr","locations":[{"start":{"line":116,"column":10},"end":{"line":116,"column":null}},{"start":{"line":117,"column":10},"end":{"line":117,"column":null}}],"line":115},"14":{"loc":{"start":{"line":123,"column":2},"end":{"line":140,"column":null}},"type":"if","locations":[{"start":{"line":123,"column":2},"end":{"line":140,"column":null}},{"start":{},"end":{}}],"line":123},"15":{"loc":{"start":{"line":125,"column":55},"end":{"line":125,"column":74}},"type":"binary-expr","locations":[{"start":{"line":125,"column":55},"end":{"line":125,"column":72}},{"start":{"line":125,"column":72},"end":{"line":125,"column":74}}],"line":125},"16":{"loc":{"start":{"line":135,"column":24},"end":{"line":138,"column":null}},"type":"cond-expr","locations":[{"start":{"line":135,"column":34},"end":{"line":138,"column":10}},{"start":{"line":138,"column":10},"end":{"line":138,"column":null}}],"line":135},"17":{"loc":{"start":{"line":161,"column":2},"end":{"line":161,"column":null}},"type":"if","locations":[{"start":{"line":161,"column":2},"end":{"line":161,"column":null}},{"start":{},"end":{}}],"line":161},"18":{"loc":{"start":{"line":162,"column":2},"end":{"line":162,"column":null}},"type":"if","locations":[{"start":{"line":162,"column":2},"end":{"line":162,"column":null}},{"start":{},"end":{}}],"line":162},"19":{"loc":{"start":{"line":167,"column":2},"end":{"line":174,"column":null}},"type":"if","locations":[{"start":{"line":167,"column":2},"end":{"line":174,"column":null}},{"start":{},"end":{}}],"line":167},"20":{"loc":{"start":{"line":171,"column":9},"end":{"line":171,"column":null}},"type":"binary-expr","locations":[{"start":{"line":171,"column":9},"end":{"line":171,"column":44}},{"start":{"line":171,"column":44},"end":{"line":171,"column":null}}],"line":171},"21":{"loc":{"start":{"line":172,"column":9},"end":{"line":172,"column":null}},"type":"binary-expr","locations":[{"start":{"line":172,"column":9},"end":{"line":172,"column":44}},{"start":{"line":172,"column":44},"end":{"line":172,"column":null}}],"line":172},"22":{"loc":{"start":{"line":180,"column":16},"end":{"line":180,"column":null}},"type":"binary-expr","locations":[{"start":{"line":180,"column":16},"end":{"line":180,"column":59}},{"start":{"line":180,"column":59},"end":{"line":180,"column":null}}],"line":180},"23":{"loc":{"start":{"line":184,"column":9},"end":{"line":184,"column":null}},"type":"binary-expr","locations":[{"start":{"line":184,"column":9},"end":{"line":184,"column":33}},{"start":{"line":184,"column":33},"end":{"line":184,"column":null}}],"line":184},"24":{"loc":{"start":{"line":194,"column":2},"end":{"line":196,"column":null}},"type":"if","locations":[{"start":{"line":194,"column":2},"end":{"line":196,"column":null}},{"start":{},"end":{}}],"line":194},"25":{"loc":{"start":{"line":199,"column":2},"end":{"line":201,"column":null}},"type":"if","locations":[{"start":{"line":199,"column":2},"end":{"line":201,"column":null}},{"start":{},"end":{}}],"line":199},"26":{"loc":{"start":{"line":205,"column":2},"end":{"line":207,"column":null}},"type":"if","locations":[{"start":{"line":205,"column":2},"end":{"line":207,"column":null}},{"start":{},"end":{}}],"line":205},"27":{"loc":{"start":{"line":210,"column":21},"end":{"line":210,"column":null}},"type":"binary-expr","locations":[{"start":{"line":210,"column":21},"end":{"line":210,"column":43}},{"start":{"line":210,"column":43},"end":{"line":210,"column":null}}],"line":210},"28":{"loc":{"start":{"line":213,"column":2},"end":{"line":217,"column":null}},"type":"if","locations":[{"start":{"line":213,"column":2},"end":{"line":217,"column":null}},{"start":{},"end":{}}],"line":213},"29":{"loc":{"start":{"line":213,"column":6},"end":{"line":213,"column":30}},"type":"binary-expr","locations":[{"start":{"line":213,"column":6},"end":{"line":213,"column":20}},{"start":{"line":213,"column":20},"end":{"line":213,"column":30}}],"line":213},"30":{"loc":{"start":{"line":214,"column":11},"end":{"line":216,"column":null}},"type":"cond-expr","locations":[{"start":{"line":215,"column":8},"end":{"line":215,"column":null}},{"start":{"line":216,"column":8},"end":{"line":216,"column":null}}],"line":214},"31":{"loc":{"start":{"line":233,"column":2},"end":{"line":235,"column":null}},"type":"if","locations":[{"start":{"line":233,"column":2},"end":{"line":235,"column":null}},{"start":{},"end":{}}],"line":233},"32":{"loc":{"start":{"line":237,"column":2},"end":{"line":242,"column":null}},"type":"if","locations":[{"start":{"line":237,"column":2},"end":{"line":242,"column":null}},{"start":{},"end":{}}],"line":237},"33":{"loc":{"start":{"line":261,"column":2},"end":{"line":261,"column":null}},"type":"if","locations":[{"start":{"line":261,"column":2},"end":{"line":261,"column":null}},{"start":{},"end":{}}],"line":261},"34":{"loc":{"start":{"line":262,"column":2},"end":{"line":262,"column":null}},"type":"if","locations":[{"start":{"line":262,"column":2},"end":{"line":262,"column":null}},{"start":{},"end":{}}],"line":262},"35":{"loc":{"start":{"line":265,"column":2},"end":{"line":271,"column":null}},"type":"if","locations":[{"start":{"line":265,"column":2},"end":{"line":271,"column":null}},{"start":{},"end":{}}],"line":265},"36":{"loc":{"start":{"line":270,"column":4},"end":{"line":270,"column":null}},"type":"if","locations":[{"start":{"line":270,"column":4},"end":{"line":270,"column":null}},{"start":{},"end":{}}],"line":270},"37":{"loc":{"start":{"line":276,"column":7},"end":{"line":276,"column":null}},"type":"binary-expr","locations":[{"start":{"line":276,"column":7},"end":{"line":276,"column":42}},{"start":{"line":276,"column":42},"end":{"line":276,"column":null}}],"line":276},"38":{"loc":{"start":{"line":277,"column":7},"end":{"line":277,"column":null}},"type":"binary-expr","locations":[{"start":{"line":277,"column":7},"end":{"line":277,"column":42}},{"start":{"line":277,"column":42},"end":{"line":277,"column":null}}],"line":277},"39":{"loc":{"start":{"line":295,"column":4},"end":{"line":298,"column":null}},"type":"if","locations":[{"start":{"line":295,"column":4},"end":{"line":298,"column":null}},{"start":{},"end":{}}],"line":295},"40":{"loc":{"start":{"line":302,"column":4},"end":{"line":308,"column":null}},"type":"if","locations":[{"start":{"line":302,"column":4},"end":{"line":308,"column":null}},{"start":{},"end":{}}],"line":302},"41":{"loc":{"start":{"line":378,"column":2},"end":{"line":380,"column":null}},"type":"if","locations":[{"start":{"line":378,"column":2},"end":{"line":380,"column":null}},{"start":{},"end":{}}],"line":378},"42":{"loc":{"start":{"line":382,"column":2},"end":{"line":384,"column":null}},"type":"if","locations":[{"start":{"line":382,"column":2},"end":{"line":384,"column":null}},{"start":{},"end":{}}],"line":382},"43":{"loc":{"start":{"line":386,"column":2},"end":{"line":388,"column":null}},"type":"if","locations":[{"start":{"line":386,"column":2},"end":{"line":388,"column":null}},{"start":{},"end":{}}],"line":386},"44":{"loc":{"start":{"line":390,"column":2},"end":{"line":395,"column":null}},"type":"if","locations":[{"start":{"line":390,"column":2},"end":{"line":395,"column":null}},{"start":{},"end":{}}],"line":390},"45":{"loc":{"start":{"line":410,"column":2},"end":{"line":415,"column":null}},"type":"if","locations":[{"start":{"line":410,"column":2},"end":{"line":415,"column":null}},{"start":{},"end":{}}],"line":410},"46":{"loc":{"start":{"line":418,"column":2},"end":{"line":423,"column":null}},"type":"if","locations":[{"start":{"line":418,"column":2},"end":{"line":423,"column":null}},{"start":{},"end":{}}],"line":418},"47":{"loc":{"start":{"line":426,"column":2},"end":{"line":431,"column":null}},"type":"if","locations":[{"start":{"line":426,"column":2},"end":{"line":431,"column":null}},{"start":{},"end":{}}],"line":426},"48":{"loc":{"start":{"line":450,"column":2},"end":{"line":455,"column":null}},"type":"if","locations":[{"start":{"line":450,"column":2},"end":{"line":455,"column":null}},{"start":{"line":452,"column":9},"end":{"line":455,"column":null}}],"line":450},"49":{"loc":{"start":{"line":472,"column":2},"end":{"line":472,"column":null}},"type":"if","locations":[{"start":{"line":472,"column":2},"end":{"line":472,"column":null}},{"start":{},"end":{}}],"line":472},"50":{"loc":{"start":{"line":481,"column":21},"end":{"line":481,"column":null}},"type":"binary-expr","locations":[{"start":{"line":481,"column":21},"end":{"line":481,"column":40}},{"start":{"line":481,"column":40},"end":{"line":481,"column":59}},{"start":{"line":481,"column":59},"end":{"line":481,"column":null}}],"line":481},"51":{"loc":{"start":{"line":482,"column":12},"end":{"line":482,"column":null}},"type":"binary-expr","locations":[{"start":{"line":482,"column":12},"end":{"line":482,"column":31}},{"start":{"line":482,"column":31},"end":{"line":482,"column":50}},{"start":{"line":482,"column":50},"end":{"line":482,"column":null}}],"line":482},"52":{"loc":{"start":{"line":483,"column":14},"end":{"line":483,"column":null}},"type":"binary-expr","locations":[{"start":{"line":483,"column":14},"end":{"line":483,"column":35}},{"start":{"line":483,"column":35},"end":{"line":483,"column":null}}],"line":483},"53":{"loc":{"start":{"line":484,"column":12},"end":{"line":484,"column":null}},"type":"binary-expr","locations":[{"start":{"line":484,"column":12},"end":{"line":484,"column":31}},{"start":{"line":484,"column":31},"end":{"line":484,"column":null}}],"line":484},"54":{"loc":{"start":{"line":506,"column":2},"end":{"line":506,"column":null}},"type":"default-arg","locations":[{"start":{"line":506,"column":28},"end":{"line":506,"column":null}}],"line":506},"55":{"loc":{"start":{"line":508,"column":2},"end":{"line":510,"column":null}},"type":"if","locations":[{"start":{"line":508,"column":2},"end":{"line":510,"column":null}},{"start":{},"end":{}}],"line":508},"56":{"loc":{"start":{"line":508,"column":6},"end":{"line":508,"column":43}},"type":"binary-expr","locations":[{"start":{"line":508,"column":6},"end":{"line":508,"column":16}},{"start":{"line":508,"column":16},"end":{"line":508,"column":43}}],"line":508},"57":{"loc":{"start":{"line":512,"column":2},"end":{"line":514,"column":null}},"type":"if","locations":[{"start":{"line":512,"column":2},"end":{"line":514,"column":null}},{"start":{},"end":{}}],"line":512}},"s":{"0":18,"1":3,"2":15,"3":15,"4":17,"5":15,"6":18,"7":26,"8":18,"9":14,"10":18,"11":1,"12":1,"13":1,"14":14,"15":1,"16":1,"17":13,"18":9,"19":4,"20":3,"21":3,"22":3,"23":1,"24":7,"25":1,"26":6,"27":2,"28":4,"29":4,"30":4,"31":1,"32":1,"33":3,"34":6,"35":3,"36":3,"37":7,"38":7,"39":7,"40":1,"41":6,"42":6,"43":5,"44":1,"45":1,"46":0,"47":1,"48":7,"49":7,"50":0,"51":1,"52":13,"53":2,"54":11,"55":3,"56":8,"57":14,"58":26,"59":14,"60":2,"61":12,"62":4,"63":8,"64":7,"65":7,"66":10,"67":7,"68":7,"69":1,"70":1,"71":6,"72":6,"73":6,"74":12,"75":12,"76":1,"77":1,"78":11,"79":11,"80":1,"81":1,"82":10,"83":6,"84":20,"85":7,"86":11,"87":13,"88":13,"89":1,"90":13,"91":1,"92":13,"93":1,"94":13,"95":2,"96":13,"97":2,"98":2,"99":4,"100":2,"101":1,"102":2,"103":4,"104":2,"105":0,"106":2,"107":4,"108":2,"109":0,"110":2,"111":102,"112":102,"113":2,"114":100,"115":102,"116":106,"117":41,"118":3,"119":38,"120":38,"121":38,"122":73,"123":131,"124":73,"125":38,"126":73,"127":73,"128":73,"129":4,"130":2,"131":2,"132":1,"133":1},"f":{"0":18,"1":17,"2":26,"3":14,"4":7,"5":1,"6":6,"7":3,"8":7,"9":13,"10":14,"11":26,"12":10,"13":1,"14":6,"15":20,"16":7,"17":11,"18":13,"19":2,"20":4,"21":4,"22":4,"23":102,"24":106,"25":41,"26":73,"27":131,"28":73,"29":73,"30":73,"31":4},"b":{"0":[18],"1":[3,15],"2":[18,16],"3":[15,6],"4":[26,14],"5":[1,17],"6":[1,0],"7":[1,0],"8":[1,13],"9":[1,0],"10":[1,0],"11":[1,0],"12":[9,4],"13":[1,8],"14":[3,1],"15":[3,0],"16":[3,0],"17":[1,6],"18":[2,4],"19":[1,3],"20":[1,0],"21":[1,0],"22":[6,0],"23":[3,0],"24":[1,6],"25":[5,1],"26":[0,1],"27":[1,1],"28":[0,7],"29":[7,0],"30":[0,0],"31":[2,11],"32":[3,8],"33":[2,12],"34":[4,8],"35":[7,1],"36":[7,0],"37":[1,0],"38":[1,0],"39":[1,11],"40":[1,10],"41":[1,12],"42":[1,12],"43":[1,12],"44":[2,11],"45":[1,1],"46":[0,2],"47":[0,2],"48":[2,100],"49":[3,38],"50":[73,0,0],"51":[73,0,0],"52":[73,0],"53":[73,0],"54":[4],"55":[2,2],"56":[4,3],"57":[1,1]},"meta":{"lastBranch":58,"lastFunction":32,"lastStatement":134,"seen":{"f:36:16:36:Infinity":0,"b:39:28:39:Infinity":0,"b:42:2:52:Infinity:undefined:undefined:undefined:undefined":1,"s:42:2:52:Infinity":0,"b:42:6:42:16:42:16:42:43":2,"s:43:4:51:Infinity":1,"s:55:25:55:Infinity":2,"s:58:25:60:Infinity":3,"f:59:4:59:9":1,"s:59:9:59:Infinity":4,"s:61:24:61:Infinity":5,"b:61:24:61:61:61:61:61:Infinity":3,"s:64:26:66:Infinity":6,"f:65:4:65:9":2,"s:65:9:65:Infinity":7,"b:65:9:65:53:65:53:65:Infinity":4,"s:67:30:69:Infinity":8,"f:68:4:68:5":3,"s:68:16:68:43":9,"b:72:2:87:Infinity:undefined:undefined:undefined:undefined":5,"s:72:2:87:Infinity":10,"s:73:27:73:Infinity":11,"b:74:4:86:Infinity:undefined:undefined:undefined:undefined":6,"s:74:4:86:Infinity":12,"s:75:6:85:Infinity":13,"b:82:12:82:Infinity:83:12:83:Infinity":7,"b:90:2:103:Infinity:undefined:undefined:undefined:undefined":8,"s:90:2:103:Infinity":14,"s:91:24:91:Infinity":15,"s:92:4:102:Infinity":16,"b:97:34:97:41:97:41:97:Infinity":9,"b:98:27:98:57:98:57:98:Infinity":10,"b:100:10:100:Infinity:101:10:101:Infinity":11,"b:108:2:120:Infinity:undefined:undefined:undefined:undefined":12,"s:108:2:120:Infinity":17,"s:109:4:119:Infinity":18,"b:116:10:116:Infinity:117:10:117:Infinity":13,"b:123:2:140:Infinity:undefined:undefined:undefined:undefined":14,"s:123:2:140:Infinity":19,"s:124:20:124:Infinity":20,"s:125:25:125:Infinity":21,"b:125:55:125:72:125:72:125:74":15,"s:127:4:139:Infinity":22,"b:135:34:138:10:138:10:138:Infinity":16,"s:143:2:151:Infinity":23,"f:157:16:157:Infinity":4,"b:161:2:161:Infinity:undefined:undefined:undefined:undefined":17,"s:161:2:161:Infinity":24,"s:161:31:161:Infinity":25,"b:162:2:162:Infinity:undefined:undefined:undefined:undefined":18,"s:162:2:162:Infinity":26,"s:162:31:162:Infinity":27,"s:164:25:164:Infinity":28,"s:165:21:165:Infinity":29,"b:167:2:174:Infinity:undefined:undefined:undefined:undefined":19,"s:167:2:174:Infinity":30,"s:169:4:173:Infinity":31,"f:170:6:170:7":5,"s:170:10:172:Infinity":32,"b:171:9:171:44:171:44:171:Infinity":20,"b:172:9:172:44:172:44:172:Infinity":21,"s:177:17:182:Infinity":33,"f:178:9:178:15":6,"s:178:15:181:6":34,"b:180:16:180:59:180:59:180:Infinity":22,"f:182:10:182:11":7,"s:182:20:182:43":35,"s:184:2:184:Infinity":36,"b:184:9:184:33:184:33:184:Infinity":23,"f:190:16:190:32":8,"s:191:25:191:Infinity":37,"s:192:23:192:Infinity":38,"b:194:2:196:Infinity:undefined:undefined:undefined:undefined":24,"s:194:2:196:Infinity":39,"s:195:4:195:Infinity":40,"s:198:21:198:Infinity":41,"b:199:2:201:Infinity:undefined:undefined:undefined:undefined":25,"s:199:2:201:Infinity":42,"s:200:4:200:Infinity":43,"s:204:21:204:Infinity":44,"b:205:2:207:Infinity:undefined:undefined:undefined:undefined":26,"s:205:2:207:Infinity":45,"s:206:4:206:Infinity":46,"s:210:21:210:Infinity":47,"b:210:21:210:43:210:43:210:Infinity":27,"s:211:19:211:Infinity":48,"b:213:2:217:Infinity:undefined:undefined:undefined:undefined":28,"s:213:2:217:Infinity":49,"b:213:6:213:20:213:20:213:30":29,"s:214:4:216:Infinity":50,"b:215:8:215:Infinity:216:8:216:Infinity":30,"s:219:2:219:Infinity":51,"f:229:16:229:Infinity":9,"b:233:2:235:Infinity:undefined:undefined:undefined:undefined":31,"s:233:2:235:Infinity":52,"s:234:4:234:Infinity":53,"b:237:2:242:Infinity:undefined:undefined:undefined:undefined":32,"s:237:2:242:Infinity":54,"s:238:4:241:Infinity":55,"s:244:2:244:Infinity":56,"f:251:16:251:Infinity":10,"s:257:30:259:Infinity":57,"f:258:4:258:9":11,"s:258:9:258:Infinity":58,"b:261:2:261:Infinity:undefined:undefined:undefined:undefined":33,"s:261:2:261:Infinity":59,"s:261:40:261:Infinity":60,"b:262:2:262:Infinity:undefined:undefined:undefined:undefined":34,"s:262:2:262:Infinity":61,"s:262:40:262:Infinity":62,"b:265:2:271:Infinity:undefined:undefined:undefined:undefined":35,"s:265:2:271:Infinity":63,"s:266:27:266:Infinity":64,"s:267:27:269:Infinity":65,"f:268:6:268:11":12,"s:268:11:268:Infinity":66,"b:270:4:270:Infinity:undefined:undefined:undefined:undefined":36,"s:270:4:270:Infinity":67,"s:270:24:270:Infinity":68,"s:274:2:278:Infinity":69,"f:275:4:275:5":13,"s:275:8:277:Infinity":70,"b:276:7:276:42:276:42:276:Infinity":37,"b:277:7:277:42:277:42:277:Infinity":38,"f:284:16:284:Infinity":14,"s:289:43:289:Infinity":71,"s:290:27:290:Infinity":72,"s:292:2:314:Infinity":73,"s:293:18:293:Infinity":74,"b:295:4:298:Infinity:undefined:undefined:undefined:undefined":39,"s:295:4:298:Infinity":75,"s:296:6:296:Infinity":76,"s:297:6:297:Infinity":77,"s:300:22:300:Infinity":78,"b:302:4:308:Infinity:undefined:undefined:undefined:undefined":40,"s:302:4:308:Infinity":79,"s:303:6:306:Infinity":80,"s:307:6:307:Infinity":81,"s:310:4:313:Infinity":82,"s:316:2:316:Infinity":83,"f:326:16:326:Infinity":15,"s:330:2:334:Infinity":84,"f:340:16:340:Infinity":16,"s:344:2:348:Infinity":85,"f:354:16:354:Infinity":17,"s:358:2:362:Infinity":86,"f:372:16:372:35":18,"s:376:27:376:Infinity":87,"b:378:2:380:Infinity:undefined:undefined:undefined:undefined":41,"s:378:2:380:Infinity":88,"s:379:4:379:Infinity":89,"b:382:2:384:Infinity:undefined:undefined:undefined:undefined":42,"s:382:2:384:Infinity":90,"s:383:4:383:Infinity":91,"b:386:2:388:Infinity:undefined:undefined:undefined:undefined":43,"s:386:2:388:Infinity":92,"s:387:4:387:Infinity":93,"b:390:2:395:Infinity:undefined:undefined:undefined:undefined":44,"s:390:2:395:Infinity":94,"s:391:4:394:Infinity":95,"s:397:2:397:Infinity":96,"f:403:16:403:44":19,"s:407:27:407:Infinity":97,"s:409:26:409:Infinity":98,"f:409:51:409:52":20,"s:409:63:409:81":99,"b:410:2:415:Infinity:undefined:undefined:undefined:undefined":45,"s:410:2:415:Infinity":100,"s:411:4:414:Infinity":101,"s:417:30:417:Infinity":102,"f:417:55:417:56":21,"s:417:67:417:94":103,"b:418:2:423:Infinity:undefined:undefined:undefined:undefined":46,"s:418:2:423:Infinity":104,"s:419:4:422:Infinity":105,"s:425:29:425:Infinity":106,"f:425:54:425:55":22,"s:425:66:425:92":107,"b:426:2:431:Infinity:undefined:undefined:undefined:undefined":47,"s:426:2:431:Infinity":108,"s:427:4:430:Infinity":109,"s:433:2:433:Infinity":110,"f:443:16:443:30":23,"s:444:19:446:Infinity":111,"b:450:2:455:Infinity:452:9:455:Infinity":48,"s:450:2:455:Infinity":112,"s:451:4:451:Infinity":113,"s:454:4:454:Infinity":114,"s:458:2:462:Infinity":115,"f:461:9:461:17":24,"s:461:17:461:61":116,"f:468:16:468:Infinity":25,"b:472:2:472:Infinity:undefined:undefined:undefined:undefined":49,"s:472:2:472:Infinity":117,"s:472:31:472:Infinity":118,"s:474:17:474:Infinity":119,"s:475:19:475:Infinity":120,"s:477:40:489:Infinity":121,"f:477:55:477:60":26,"s:478:22:478:Infinity":122,"f:478:38:478:43":27,"s:478:43:478:65":123,"s:479:4:488:Infinity":124,"b:481:21:481:40:481:40:481:59:481:59:481:Infinity":50,"b:482:12:482:31:482:31:482:50:482:50:482:Infinity":51,"b:483:14:483:35:483:35:483:Infinity":52,"b:484:12:484:31:484:31:484:Infinity":53,"s:491:2:498:Infinity":125,"f:494:38:494:39":28,"s:494:50:494:68":126,"f:495:39:495:40":29,"s:495:51:495:78":127,"f:496:38:496:39":30,"s:496:50:496:76":128,"f:504:16:504:Infinity":31,"b:506:28:506:Infinity":54,"b:508:2:510:Infinity:undefined:undefined:undefined:undefined":55,"s:508:2:510:Infinity":129,"b:508:6:508:16:508:16:508:43":56,"s:509:4:509:Infinity":130,"b:512:2:514:Infinity:undefined:undefined:undefined:undefined":57,"s:512:2:514:Infinity":131,"s:513:4:513:Infinity":132,"s:516:2:516:Infinity":133}}}
}
